# JRE version: OpenJDK Runtime Environment (11.0.2+9) (build 11.0.2+9)
# Java VM: OpenJDK 64-Bit Server VM (11.0.2+9, mixed mode, tiered, compressed oops, g1 gc, windows-amd64)
Heap:
 garbage-first heap   total 190464K, used 115678K [0x0000000740000000, 0x0000000800000000)
  region size 1024K, 13 young (13312K), 1 survivors (1024K)
 Metaspace       used 95346K, capacity 97870K, committed 98128K, reserved 1132544K
  class space    used 13104K, capacity 14252K, committed 14336K, reserved 1048576K
GC Heap History (10 events):
Event: 457.829 GC heap before
{Heap before GC invocations=180 (full 24):
 garbage-first heap   total 190464K, used 127405K [0x0000000740000000, 0x0000000800000000)
  region size 1024K, 24 young (24576K), 0 survivors (0K)
 Metaspace       used 95254K, capacity 97805K, committed 98128K, reserved 1132544K
  class space    used 13092K, capacity 14252K, committed 14336K, reserved 1048576K
}
Event: 457.831 GC heap after
{Heap after GC invocations=181 (full 24):
 garbage-first heap   total 190464K, used 104258K [0x0000000740000000, 0x0000000800000000)
  region size 1024K, 1 young (1024K), 1 survivors (1024K)
 Metaspace       used 95254K, capacity 97805K, committed 98128K, reserved 1132544K
  class space    used 13092K, capacity 14252K, committed 14336K, reserved 1048576K
}
Event: 459.165 GC heap before
{Heap before GC invocations=182 (full 24):
 garbage-first heap   total 190464K, used 109378K [0x0000000740000000, 0x0000000800000000)
  region size 1024K, 7 young (7168K), 1 survivors (1024K)
 Metaspace       used 95263K, capacity 97805K, committed 98128K, reserved 1132544K
  class space    used 13092K, capacity 14252K, committed 14336K, reserved 1048576K
}
Event: 459.205 GC heap after
{Heap after GC invocations=183 (full 25):
 garbage-first heap   total 190464K, used 103599K [0x0000000740000000, 0x0000000800000000)
  region size 1024K, 0 young (0K), 0 survivors (0K)
 Metaspace       used 95263K, capacity 97805K, committed 98128K, reserved 1132544K
  class space    used 13092K, capacity 14252K, committed 14336K, reserved 1048576K
}
Event: 459.620 GC heap before
{Heap before GC invocations=183 (full 25):
 garbage-first heap   total 190464K, used 106671K [0x0000000740000000, 0x0000000800000000)
  region size 1024K, 4 young (4096K), 0 survivors (0K)
 Metaspace       used 95265K, capacity 97805K, committed 98128K, reserved 1132544K
  class space    used 13092K, capacity 14252K, committed 14336K, reserved 1048576K
}
Event: 459.664 GC heap after
{Heap after GC invocations=184 (full 26):
 garbage-first heap   total 190464K, used 103585K [0x0000000740000000, 0x0000000800000000)
  region size 1024K, 0 young (0K), 0 survivors (0K)
 Metaspace       used 95265K, capacity 97805K, committed 98128K, reserved 1132544K
  class space    used 13092K, capacity 14252K, committed 14336K, reserved 1048576K
}
Event: 460.646 GC heap before
{Heap before GC invocations=184 (full 26):
 garbage-first heap   total 190464K, used 165025K [0x0000000740000000, 0x0000000800000000)
  region size 1024K, 60 young (61440K), 0 survivors (0K)
 Metaspace       used 95281K, capacity 97806K, committed 98128K, reserved 1132544K
  class space    used 13092K, capacity 14252K, committed 14336K, reserved 1048576K
}
Event: 460.648 GC heap after
{Heap after GC invocations=185 (full 26):
 garbage-first heap   total 190464K, used 103850K [0x0000000740000000, 0x0000000800000000)
  region size 1024K, 1 young (1024K), 1 survivors (1024K)
 Metaspace       used 95281K, capacity 97806K, committed 98128K, reserved 1132544K
  class space    used 13092K, capacity 14252K, committed 14336K, reserved 1048576K
}
Event: 464.935 GC heap before
{Heap before GC invocations=186 (full 26):
 garbage-first heap   total 190464K, used 164255K [0x0000000740000000, 0x0000000800000000)
  region size 1024K, 60 young (61440K), 1 survivors (1024K)
 Metaspace       used 95344K, capacity 97870K, committed 98128K, reserved 1132544K
  class space    used 13104K, capacity 14252K, committed 14336K, reserved 1048576K
}
Event: 464.937 GC heap after
{Heap after GC invocations=187 (full 26):
 garbage-first heap   total 190464K, used 104414K [0x0000000740000000, 0x0000000800000000)
  region size 1024K, 1 young (1024K), 1 survivors (1024K)
 Metaspace       used 95344K, capacity 97870K, committed 98128K, reserved 1132544K
  class space    used 13104K, capacity 14252K, committed 14336K, reserved 1048576K
}

